2022-01-05 21:04:22,815 [1] INFO  MsgLogger [(null)] - Wallpaper Changer Start!
2022-01-05 21:04:23,076 [1] INFO  MsgLogger [(null)] - Loading Data....
2022-01-05 21:04:36,078 [1] ERROR DebugRFLogger [(null)] - catch a exception,error info:  
System.NullReferenceException: 未将对象引用设置到对象的实例。
   在 Jack__Wallpaper_Changer.ViewModel.WallpaperViewModel.AddWallpaper(WallpaperItemModel item) 位置 D:\MyProject\Jacky Wallpaper Changer\Jack  Wallpaper Changer\ViewModel\WallpaperViewModel.cs:行号 106
   在 Jack__Wallpaper_Changer.MainWindow.BtnAddFile_Click(Object sender, RoutedEventArgs e) 位置 D:\MyProject\Jacky Wallpaper Changer\Jack  Wallpaper Changer\MainWindow.xaml.cs:行号 132
   在 System.Windows.RoutedEventHandlerInfo.InvokeHandler(Object target, RoutedEventArgs routedEventArgs)
   在 System.Windows.EventRoute.InvokeHandlersImpl(Object source, RoutedEventArgs args, Boolean reRaised)
   在 System.Windows.UIElement.RaiseEventImpl(DependencyObject sender, RoutedEventArgs args)
   在 System.Windows.UIElement.RaiseEvent(RoutedEventArgs e)
   在 System.Windows.Controls.Primitives.ButtonBase.OnClick()
   在 System.Windows.Controls.Button.OnClick()
   在 System.Windows.Controls.Primitives.ButtonBase.OnMouseLeftButtonUp(MouseButtonEventArgs e)
   在 System.Windows.UIElement.OnMouseLeftButtonUpThunk(Object sender, MouseButtonEventArgs e)
   在 System.Windows.Input.MouseButtonEventArgs.InvokeEventHandler(Delegate genericHandler, Object genericTarget)
   在 System.Windows.RoutedEventArgs.InvokeHandler(Delegate handler, Object target)
   在 System.Windows.RoutedEventHandlerInfo.InvokeHandler(Object target, RoutedEventArgs routedEventArgs)
   在 System.Windows.EventRoute.InvokeHandlersImpl(Object source, RoutedEventArgs args, Boolean reRaised)
   在 System.Windows.UIElement.ReRaiseEventAs(DependencyObject sender, RoutedEventArgs args, RoutedEvent newEvent)
   在 System.Windows.UIElement.OnMouseUpThunk(Object sender, MouseButtonEventArgs e)
   在 System.Windows.Input.MouseButtonEventArgs.InvokeEventHandler(Delegate genericHandler, Object genericTarget)
   在 System.Windows.RoutedEventArgs.InvokeHandler(Delegate handler, Object target)
   在 System.Windows.RoutedEventHandlerInfo.InvokeHandler(Object target, RoutedEventArgs routedEventArgs)
   在 System.Windows.EventRoute.InvokeHandlersImpl(Object source, RoutedEventArgs args, Boolean reRaised)
   在 System.Windows.UIElement.RaiseEventImpl(DependencyObject sender, RoutedEventArgs args)
   在 System.Windows.UIElement.RaiseTrustedEvent(RoutedEventArgs args)
   在 System.Windows.UIElement.RaiseEvent(RoutedEventArgs args, Boolean trusted)
   在 System.Windows.Input.InputManager.ProcessStagingArea()
   在 System.Windows.Input.InputManager.ProcessInput(InputEventArgs input)
   在 System.Windows.Input.InputProviderSite.ReportInput(InputReport inputReport)
   在 System.Windows.Interop.HwndMouseInputProvider.ReportInput(IntPtr hwnd, InputMode mode, Int32 timestamp, RawMouseActions actions, Int32 x, Int32 y, Int32 wheel)
   在 System.Windows.Interop.HwndMouseInputProvider.FilterMessage(IntPtr hwnd, WindowMessage msg, IntPtr wParam, IntPtr lParam, Boolean& handled)
   在 System.Windows.Interop.HwndSource.InputFilterMessage(IntPtr hwnd, Int32 msg, IntPtr wParam, IntPtr lParam, Boolean& handled)
   在 MS.Win32.HwndWrapper.WndProc(IntPtr hwnd, Int32 msg, IntPtr wParam, IntPtr lParam, Boolean& handled)
   在 MS.Win32.HwndSubclass.DispatcherCallbackOperation(Object o)
   在 System.Windows.Threading.ExceptionWrapper.InternalRealCall(Delegate callback, Object args, Int32 numArgs)
   在 System.Windows.Threading.ExceptionWrapper.TryCatchWhen(Object source, Delegate callback, Object args, Int32 numArgs, Delegate catchHandler)
2022-01-05 21:06:07,173 [1] INFO  MsgLogger [(null)] - Wallpaper Changer Start!
2022-01-05 21:06:07,383 [1] INFO  MsgLogger [(null)] - Loading Data....
2022-01-05 21:09:20,756 [1] INFO  MsgLogger [(null)] - Wallpaper Changer Start!
2022-01-05 21:09:20,959 [1] INFO  MsgLogger [(null)] - Loading Data....
2022-01-05 21:09:43,567 [1] ERROR DebugRFLogger [(null)] - catch a exception,error info:  
System.NullReferenceException: 未将对象引用设置到对象的实例。
   在 Jack__Wallpaper_Changer.ViewModel.WallpaperViewModel.AddWallpaper(WallpaperItemModel item) 位置 D:\MyProject\Jacky Wallpaper Changer\Jack  Wallpaper Changer\ViewModel\WallpaperViewModel.cs:行号 116
   在 Jack__Wallpaper_Changer.MainWindow.BtnAddFile_Click(Object sender, RoutedEventArgs e) 位置 D:\MyProject\Jacky Wallpaper Changer\Jack  Wallpaper Changer\MainWindow.xaml.cs:行号 132
   在 System.Windows.RoutedEventHandlerInfo.InvokeHandler(Object target, RoutedEventArgs routedEventArgs)
   在 System.Windows.EventRoute.InvokeHandlersImpl(Object source, RoutedEventArgs args, Boolean reRaised)
   在 System.Windows.UIElement.RaiseEventImpl(DependencyObject sender, RoutedEventArgs args)
   在 System.Windows.UIElement.RaiseEvent(RoutedEventArgs e)
   在 System.Windows.Controls.Primitives.ButtonBase.OnClick()
   在 System.Windows.Controls.Button.OnClick()
   在 System.Windows.Controls.Primitives.ButtonBase.OnMouseLeftButtonUp(MouseButtonEventArgs e)
   在 System.Windows.UIElement.OnMouseLeftButtonUpThunk(Object sender, MouseButtonEventArgs e)
   在 System.Windows.Input.MouseButtonEventArgs.InvokeEventHandler(Delegate genericHandler, Object genericTarget)
   在 System.Windows.RoutedEventArgs.InvokeHandler(Delegate handler, Object target)
   在 System.Windows.RoutedEventHandlerInfo.InvokeHandler(Object target, RoutedEventArgs routedEventArgs)
   在 System.Windows.EventRoute.InvokeHandlersImpl(Object source, RoutedEventArgs args, Boolean reRaised)
   在 System.Windows.UIElement.ReRaiseEventAs(DependencyObject sender, RoutedEventArgs args, RoutedEvent newEvent)
   在 System.Windows.UIElement.OnMouseUpThunk(Object sender, MouseButtonEventArgs e)
   在 System.Windows.Input.MouseButtonEventArgs.InvokeEventHandler(Delegate genericHandler, Object genericTarget)
   在 System.Windows.RoutedEventArgs.InvokeHandler(Delegate handler, Object target)
   在 System.Windows.RoutedEventHandlerInfo.InvokeHandler(Object target, RoutedEventArgs routedEventArgs)
   在 System.Windows.EventRoute.InvokeHandlersImpl(Object source, RoutedEventArgs args, Boolean reRaised)
   在 System.Windows.UIElement.RaiseEventImpl(DependencyObject sender, RoutedEventArgs args)
   在 System.Windows.UIElement.RaiseTrustedEvent(RoutedEventArgs args)
   在 System.Windows.UIElement.RaiseEvent(RoutedEventArgs args, Boolean trusted)
   在 System.Windows.Input.InputManager.ProcessStagingArea()
   在 System.Windows.Input.InputManager.ProcessInput(InputEventArgs input)
   在 System.Windows.Input.InputProviderSite.ReportInput(InputReport inputReport)
   在 System.Windows.Interop.HwndMouseInputProvider.ReportInput(IntPtr hwnd, InputMode mode, Int32 timestamp, RawMouseActions actions, Int32 x, Int32 y, Int32 wheel)
   在 System.Windows.Interop.HwndMouseInputProvider.FilterMessage(IntPtr hwnd, WindowMessage msg, IntPtr wParam, IntPtr lParam, Boolean& handled)
   在 System.Windows.Interop.HwndSource.InputFilterMessage(IntPtr hwnd, Int32 msg, IntPtr wParam, IntPtr lParam, Boolean& handled)
   在 MS.Win32.HwndWrapper.WndProc(IntPtr hwnd, Int32 msg, IntPtr wParam, IntPtr lParam, Boolean& handled)
   在 MS.Win32.HwndSubclass.DispatcherCallbackOperation(Object o)
   在 System.Windows.Threading.ExceptionWrapper.InternalRealCall(Delegate callback, Object args, Int32 numArgs)
   在 System.Windows.Threading.ExceptionWrapper.TryCatchWhen(Object source, Delegate callback, Object args, Int32 numArgs, Delegate catchHandler)
2022-01-05 21:10:08,654 [1] INFO  MsgLogger [(null)] - Wallpaper Changer Start!
2022-01-05 21:10:08,866 [1] INFO  MsgLogger [(null)] - Loading Data....
2022-01-05 21:10:52,290 [1] ERROR DebugRFLogger [(null)] - catch a exception,error info:  
System.NullReferenceException: 未将对象引用设置到对象的实例。
   在 Jack__Wallpaper_Changer.ViewModel.WallpaperViewModel.AddWallpaper(WallpaperItemModel item) 位置 D:\MyProject\Jacky Wallpaper Changer\Jack  Wallpaper Changer\ViewModel\WallpaperViewModel.cs:行号 116
   在 Jack__Wallpaper_Changer.MainWindow.BtnAddFile_Click(Object sender, RoutedEventArgs e) 位置 D:\MyProject\Jacky Wallpaper Changer\Jack  Wallpaper Changer\MainWindow.xaml.cs:行号 132
   在 System.Windows.RoutedEventHandlerInfo.InvokeHandler(Object target, RoutedEventArgs routedEventArgs)
   在 System.Windows.EventRoute.InvokeHandlersImpl(Object source, RoutedEventArgs args, Boolean reRaised)
   在 System.Windows.UIElement.RaiseEventImpl(DependencyObject sender, RoutedEventArgs args)
   在 System.Windows.UIElement.RaiseEvent(RoutedEventArgs e)
   在 System.Windows.Controls.Primitives.ButtonBase.OnClick()
   在 System.Windows.Controls.Button.OnClick()
   在 System.Windows.Controls.Primitives.ButtonBase.OnMouseLeftButtonUp(MouseButtonEventArgs e)
   在 System.Windows.UIElement.OnMouseLeftButtonUpThunk(Object sender, MouseButtonEventArgs e)
   在 System.Windows.Input.MouseButtonEventArgs.InvokeEventHandler(Delegate genericHandler, Object genericTarget)
   在 System.Windows.RoutedEventArgs.InvokeHandler(Delegate handler, Object target)
   在 System.Windows.RoutedEventHandlerInfo.InvokeHandler(Object target, RoutedEventArgs routedEventArgs)
   在 System.Windows.EventRoute.InvokeHandlersImpl(Object source, RoutedEventArgs args, Boolean reRaised)
   在 System.Windows.UIElement.ReRaiseEventAs(DependencyObject sender, RoutedEventArgs args, RoutedEvent newEvent)
   在 System.Windows.UIElement.OnMouseUpThunk(Object sender, MouseButtonEventArgs e)
   在 System.Windows.Input.MouseButtonEventArgs.InvokeEventHandler(Delegate genericHandler, Object genericTarget)
   在 System.Windows.RoutedEventArgs.InvokeHandler(Delegate handler, Object target)
   在 System.Windows.RoutedEventHandlerInfo.InvokeHandler(Object target, RoutedEventArgs routedEventArgs)
   在 System.Windows.EventRoute.InvokeHandlersImpl(Object source, RoutedEventArgs args, Boolean reRaised)
   在 System.Windows.UIElement.RaiseEventImpl(DependencyObject sender, RoutedEventArgs args)
   在 System.Windows.UIElement.RaiseTrustedEvent(RoutedEventArgs args)
   在 System.Windows.UIElement.RaiseEvent(RoutedEventArgs args, Boolean trusted)
   在 System.Windows.Input.InputManager.ProcessStagingArea()
   在 System.Windows.Input.InputManager.ProcessInput(InputEventArgs input)
   在 System.Windows.Input.InputProviderSite.ReportInput(InputReport inputReport)
   在 System.Windows.Interop.HwndMouseInputProvider.ReportInput(IntPtr hwnd, InputMode mode, Int32 timestamp, RawMouseActions actions, Int32 x, Int32 y, Int32 wheel)
   在 System.Windows.Interop.HwndMouseInputProvider.FilterMessage(IntPtr hwnd, WindowMessage msg, IntPtr wParam, IntPtr lParam, Boolean& handled)
   在 System.Windows.Interop.HwndSource.InputFilterMessage(IntPtr hwnd, Int32 msg, IntPtr wParam, IntPtr lParam, Boolean& handled)
   在 MS.Win32.HwndWrapper.WndProc(IntPtr hwnd, Int32 msg, IntPtr wParam, IntPtr lParam, Boolean& handled)
   在 MS.Win32.HwndSubclass.DispatcherCallbackOperation(Object o)
   在 System.Windows.Threading.ExceptionWrapper.InternalRealCall(Delegate callback, Object args, Int32 numArgs)
   在 System.Windows.Threading.ExceptionWrapper.TryCatchWhen(Object source, Delegate callback, Object args, Int32 numArgs, Delegate catchHandler)
2022-01-05 21:11:25,315 [1] INFO  MsgLogger [(null)] - Wallpaper Changer Start!
2022-01-05 21:11:25,529 [1] INFO  MsgLogger [(null)] - Loading Data....
2022-01-05 21:14:40,256 [1] INFO  MsgLogger [(null)] - Wallpaper Changer Start!
2022-01-05 21:14:40,455 [1] INFO  MsgLogger [(null)] - Loading Data....
2022-01-05 21:15:58,264 [1] ERROR DebugRFLogger [(null)] - catch a exception,error info:  
System.InvalidOperationException: 集合已修改；可能无法执行枚举操作。
   在 System.ThrowHelper.ThrowInvalidOperationException(ExceptionResource resource)
   在 System.Collections.Generic.List`1.Enumerator.MoveNextRare()
   在 System.Collections.Generic.List`1.Enumerator.MoveNext()
   在 Jack__Wallpaper_Changer.MainWindow.BtnRemoveSelected_Click(Object sender, RoutedEventArgs e) 位置 D:\MyProject\Jacky Wallpaper Changer\Jack  Wallpaper Changer\MainWindow.xaml.cs:行号 159
   在 System.Windows.RoutedEventHandlerInfo.InvokeHandler(Object target, RoutedEventArgs routedEventArgs)
   在 System.Windows.EventRoute.InvokeHandlersImpl(Object source, RoutedEventArgs args, Boolean reRaised)
   在 System.Windows.UIElement.RaiseEventImpl(DependencyObject sender, RoutedEventArgs args)
   在 System.Windows.UIElement.RaiseEvent(RoutedEventArgs e)
   在 System.Windows.Controls.Primitives.ButtonBase.OnClick()
   在 System.Windows.Controls.Button.OnClick()
   在 System.Windows.Controls.Primitives.ButtonBase.OnMouseLeftButtonUp(MouseButtonEventArgs e)
   在 System.Windows.UIElement.OnMouseLeftButtonUpThunk(Object sender, MouseButtonEventArgs e)
   在 System.Windows.Input.MouseButtonEventArgs.InvokeEventHandler(Delegate genericHandler, Object genericTarget)
   在 System.Windows.RoutedEventArgs.InvokeHandler(Delegate handler, Object target)
   在 System.Windows.RoutedEventHandlerInfo.InvokeHandler(Object target, RoutedEventArgs routedEventArgs)
   在 System.Windows.EventRoute.InvokeHandlersImpl(Object source, RoutedEventArgs args, Boolean reRaised)
   在 System.Windows.UIElement.ReRaiseEventAs(DependencyObject sender, RoutedEventArgs args, RoutedEvent newEvent)
   在 System.Windows.UIElement.OnMouseUpThunk(Object sender, MouseButtonEventArgs e)
   在 System.Windows.Input.MouseButtonEventArgs.InvokeEventHandler(Delegate genericHandler, Object genericTarget)
   在 System.Windows.RoutedEventArgs.InvokeHandler(Delegate handler, Object target)
   在 System.Windows.RoutedEventHandlerInfo.InvokeHandler(Object target, RoutedEventArgs routedEventArgs)
   在 System.Windows.EventRoute.InvokeHandlersImpl(Object source, RoutedEventArgs args, Boolean reRaised)
   在 System.Windows.UIElement.RaiseEventImpl(DependencyObject sender, RoutedEventArgs args)
   在 System.Windows.UIElement.RaiseTrustedEvent(RoutedEventArgs args)
   在 System.Windows.UIElement.RaiseEvent(RoutedEventArgs args, Boolean trusted)
   在 System.Windows.Input.InputManager.ProcessStagingArea()
   在 System.Windows.Input.InputManager.ProcessInput(InputEventArgs input)
   在 System.Windows.Input.InputProviderSite.ReportInput(InputReport inputReport)
   在 System.Windows.Interop.HwndMouseInputProvider.ReportInput(IntPtr hwnd, InputMode mode, Int32 timestamp, RawMouseActions actions, Int32 x, Int32 y, Int32 wheel)
   在 System.Windows.Interop.HwndMouseInputProvider.FilterMessage(IntPtr hwnd, WindowMessage msg, IntPtr wParam, IntPtr lParam, Boolean& handled)
   在 System.Windows.Interop.HwndSource.InputFilterMessage(IntPtr hwnd, Int32 msg, IntPtr wParam, IntPtr lParam, Boolean& handled)
   在 MS.Win32.HwndWrapper.WndProc(IntPtr hwnd, Int32 msg, IntPtr wParam, IntPtr lParam, Boolean& handled)
   在 MS.Win32.HwndSubclass.DispatcherCallbackOperation(Object o)
   在 System.Windows.Threading.ExceptionWrapper.InternalRealCall(Delegate callback, Object args, Int32 numArgs)
   在 System.Windows.Threading.ExceptionWrapper.TryCatchWhen(Object source, Delegate callback, Object args, Int32 numArgs, Delegate catchHandler)
2022-01-05 21:21:55,634 [1] INFO  MsgLogger [(null)] - Wallpaper Changer Start!
2022-01-05 21:21:55,766 [1] INFO  MsgLogger [(null)] - Loading Data....
2022-01-05 21:22:01,932 [1] ERROR DebugRFLogger [(null)] - catch a exception,error info:  
System.InvalidOperationException: 集合已修改；可能无法执行枚举操作。
   在 System.ThrowHelper.ThrowInvalidOperationException(ExceptionResource resource)
   在 System.Collections.Generic.List`1.Enumerator.MoveNextRare()
   在 System.Collections.Generic.List`1.Enumerator.MoveNext()
   在 Jack__Wallpaper_Changer.MainWindow.BtnRemoveSelected_Click(Object sender, RoutedEventArgs e) 位置 D:\MyProject\Jacky Wallpaper Changer\Jack  Wallpaper Changer\MainWindow.xaml.cs:行号 159
   在 System.Windows.RoutedEventHandlerInfo.InvokeHandler(Object target, RoutedEventArgs routedEventArgs)
   在 System.Windows.EventRoute.InvokeHandlersImpl(Object source, RoutedEventArgs args, Boolean reRaised)
   在 System.Windows.UIElement.RaiseEventImpl(DependencyObject sender, RoutedEventArgs args)
   在 System.Windows.UIElement.RaiseEvent(RoutedEventArgs e)
   在 System.Windows.Controls.Primitives.ButtonBase.OnClick()
   在 System.Windows.Controls.Button.OnClick()
   在 System.Windows.Controls.Primitives.ButtonBase.OnMouseLeftButtonUp(MouseButtonEventArgs e)
   在 System.Windows.UIElement.OnMouseLeftButtonUpThunk(Object sender, MouseButtonEventArgs e)
   在 System.Windows.Input.MouseButtonEventArgs.InvokeEventHandler(Delegate genericHandler, Object genericTarget)
   在 System.Windows.RoutedEventArgs.InvokeHandler(Delegate handler, Object target)
   在 System.Windows.RoutedEventHandlerInfo.InvokeHandler(Object target, RoutedEventArgs routedEventArgs)
   在 System.Windows.EventRoute.InvokeHandlersImpl(Object source, RoutedEventArgs args, Boolean reRaised)
   在 System.Windows.UIElement.ReRaiseEventAs(DependencyObject sender, RoutedEventArgs args, RoutedEvent newEvent)
   在 System.Windows.UIElement.OnMouseUpThunk(Object sender, MouseButtonEventArgs e)
   在 System.Windows.Input.MouseButtonEventArgs.InvokeEventHandler(Delegate genericHandler, Object genericTarget)
   在 System.Windows.RoutedEventArgs.InvokeHandler(Delegate handler, Object target)
   在 System.Windows.RoutedEventHandlerInfo.InvokeHandler(Object target, RoutedEventArgs routedEventArgs)
   在 System.Windows.EventRoute.InvokeHandlersImpl(Object source, RoutedEventArgs args, Boolean reRaised)
   在 System.Windows.UIElement.RaiseEventImpl(DependencyObject sender, RoutedEventArgs args)
   在 System.Windows.UIElement.RaiseTrustedEvent(RoutedEventArgs args)
   在 System.Windows.UIElement.RaiseEvent(RoutedEventArgs args, Boolean trusted)
   在 System.Windows.Input.InputManager.ProcessStagingArea()
   在 System.Windows.Input.InputManager.ProcessInput(InputEventArgs input)
   在 System.Windows.Input.InputProviderSite.ReportInput(InputReport inputReport)
   在 System.Windows.Interop.HwndMouseInputProvider.ReportInput(IntPtr hwnd, InputMode mode, Int32 timestamp, RawMouseActions actions, Int32 x, Int32 y, Int32 wheel)
   在 System.Windows.Interop.HwndMouseInputProvider.FilterMessage(IntPtr hwnd, WindowMessage msg, IntPtr wParam, IntPtr lParam, Boolean& handled)
   在 System.Windows.Interop.HwndSource.InputFilterMessage(IntPtr hwnd, Int32 msg, IntPtr wParam, IntPtr lParam, Boolean& handled)
   在 MS.Win32.HwndWrapper.WndProc(IntPtr hwnd, Int32 msg, IntPtr wParam, IntPtr lParam, Boolean& handled)
   在 MS.Win32.HwndSubclass.DispatcherCallbackOperation(Object o)
   在 System.Windows.Threading.ExceptionWrapper.InternalRealCall(Delegate callback, Object args, Int32 numArgs)
   在 System.Windows.Threading.ExceptionWrapper.TryCatchWhen(Object source, Delegate callback, Object args, Int32 numArgs, Delegate catchHandler)
2022-01-05 21:22:26,257 [1] INFO  MsgLogger [(null)] - Wallpaper Changer Start!
2022-01-05 21:22:26,475 [1] INFO  MsgLogger [(null)] - Loading Data....
2022-01-05 21:25:31,998 [1] INFO  MsgLogger [(null)] - Wallpaper Changer Start!
2022-01-05 21:25:32,133 [1] INFO  MsgLogger [(null)] - Loading Data....
2022-01-05 21:25:38,982 [1] ERROR DebugRFLogger [(null)] - catch a exception,error info:  
System.InvalidOperationException: 集合已修改；可能无法执行枚举操作。
   在 System.ThrowHelper.ThrowInvalidOperationException(ExceptionResource resource)
   在 System.Collections.Generic.List`1.Enumerator.MoveNextRare()
   在 System.Collections.Generic.List`1.Enumerator.MoveNext()
   在 Jack__Wallpaper_Changer.MainWindow.BtnRemoveSelected_Click(Object sender, RoutedEventArgs e) 位置 D:\MyProject\Jacky Wallpaper Changer\Jack  Wallpaper Changer\MainWindow.xaml.cs:行号 159
   在 System.Windows.RoutedEventHandlerInfo.InvokeHandler(Object target, RoutedEventArgs routedEventArgs)
   在 System.Windows.EventRoute.InvokeHandlersImpl(Object source, RoutedEventArgs args, Boolean reRaised)
   在 System.Windows.UIElement.RaiseEventImpl(DependencyObject sender, RoutedEventArgs args)
   在 System.Windows.UIElement.RaiseEvent(RoutedEventArgs e)
   在 System.Windows.Controls.Primitives.ButtonBase.OnClick()
   在 System.Windows.Controls.Button.OnClick()
   在 System.Windows.Controls.Primitives.ButtonBase.OnMouseLeftButtonUp(MouseButtonEventArgs e)
   在 System.Windows.UIElement.OnMouseLeftButtonUpThunk(Object sender, MouseButtonEventArgs e)
   在 System.Windows.Input.MouseButtonEventArgs.InvokeEventHandler(Delegate genericHandler, Object genericTarget)
   在 System.Windows.RoutedEventArgs.InvokeHandler(Delegate handler, Object target)
   在 System.Windows.RoutedEventHandlerInfo.InvokeHandler(Object target, RoutedEventArgs routedEventArgs)
   在 System.Windows.EventRoute.InvokeHandlersImpl(Object source, RoutedEventArgs args, Boolean reRaised)
   在 System.Windows.UIElement.ReRaiseEventAs(DependencyObject sender, RoutedEventArgs args, RoutedEvent newEvent)
   在 System.Windows.UIElement.OnMouseUpThunk(Object sender, MouseButtonEventArgs e)
   在 System.Windows.Input.MouseButtonEventArgs.InvokeEventHandler(Delegate genericHandler, Object genericTarget)
   在 System.Windows.RoutedEventArgs.InvokeHandler(Delegate handler, Object target)
   在 System.Windows.RoutedEventHandlerInfo.InvokeHandler(Object target, RoutedEventArgs routedEventArgs)
   在 System.Windows.EventRoute.InvokeHandlersImpl(Object source, RoutedEventArgs args, Boolean reRaised)
   在 System.Windows.UIElement.RaiseEventImpl(DependencyObject sender, RoutedEventArgs args)
   在 System.Windows.UIElement.RaiseTrustedEvent(RoutedEventArgs args)
   在 System.Windows.UIElement.RaiseEvent(RoutedEventArgs args, Boolean trusted)
   在 System.Windows.Input.InputManager.ProcessStagingArea()
   在 System.Windows.Input.InputManager.ProcessInput(InputEventArgs input)
   在 System.Windows.Input.InputProviderSite.ReportInput(InputReport inputReport)
   在 System.Windows.Interop.HwndMouseInputProvider.ReportInput(IntPtr hwnd, InputMode mode, Int32 timestamp, RawMouseActions actions, Int32 x, Int32 y, Int32 wheel)
   在 System.Windows.Interop.HwndMouseInputProvider.FilterMessage(IntPtr hwnd, WindowMessage msg, IntPtr wParam, IntPtr lParam, Boolean& handled)
   在 System.Windows.Interop.HwndSource.InputFilterMessage(IntPtr hwnd, Int32 msg, IntPtr wParam, IntPtr lParam, Boolean& handled)
   在 MS.Win32.HwndWrapper.WndProc(IntPtr hwnd, Int32 msg, IntPtr wParam, IntPtr lParam, Boolean& handled)
   在 MS.Win32.HwndSubclass.DispatcherCallbackOperation(Object o)
   在 System.Windows.Threading.ExceptionWrapper.InternalRealCall(Delegate callback, Object args, Int32 numArgs)
   在 System.Windows.Threading.ExceptionWrapper.TryCatchWhen(Object source, Delegate callback, Object args, Int32 numArgs, Delegate catchHandler)
2022-01-05 21:26:01,304 [1] INFO  MsgLogger [(null)] - Wallpaper Changer Start!
2022-01-05 21:26:01,509 [1] INFO  MsgLogger [(null)] - Loading Data....
2022-01-05 21:26:41,032 [1] ERROR DebugRFLogger [(null)] - catch a exception,error info:  
System.InvalidOperationException: 集合已修改；可能无法执行枚举操作。
   在 System.ThrowHelper.ThrowInvalidOperationException(ExceptionResource resource)
   在 System.Collections.Generic.List`1.Enumerator.MoveNextRare()
   在 System.Collections.Generic.List`1.Enumerator.MoveNext()
   在 Jack__Wallpaper_Changer.MainWindow.BtnRemoveSelected_Click(Object sender, RoutedEventArgs e) 位置 D:\MyProject\Jacky Wallpaper Changer\Jack  Wallpaper Changer\MainWindow.xaml.cs:行号 159
   在 System.Windows.RoutedEventHandlerInfo.InvokeHandler(Object target, RoutedEventArgs routedEventArgs)
   在 System.Windows.EventRoute.InvokeHandlersImpl(Object source, RoutedEventArgs args, Boolean reRaised)
   在 System.Windows.UIElement.RaiseEventImpl(DependencyObject sender, RoutedEventArgs args)
   在 System.Windows.UIElement.RaiseEvent(RoutedEventArgs e)
   在 System.Windows.Controls.Primitives.ButtonBase.OnClick()
   在 System.Windows.Controls.Button.OnClick()
   在 System.Windows.Controls.Primitives.ButtonBase.OnMouseLeftButtonUp(MouseButtonEventArgs e)
   在 System.Windows.UIElement.OnMouseLeftButtonUpThunk(Object sender, MouseButtonEventArgs e)
   在 System.Windows.Input.MouseButtonEventArgs.InvokeEventHandler(Delegate genericHandler, Object genericTarget)
   在 System.Windows.RoutedEventArgs.InvokeHandler(Delegate handler, Object target)
   在 System.Windows.RoutedEventHandlerInfo.InvokeHandler(Object target, RoutedEventArgs routedEventArgs)
   在 System.Windows.EventRoute.InvokeHandlersImpl(Object source, RoutedEventArgs args, Boolean reRaised)
   在 System.Windows.UIElement.ReRaiseEventAs(DependencyObject sender, RoutedEventArgs args, RoutedEvent newEvent)
   在 System.Windows.UIElement.OnMouseUpThunk(Object sender, MouseButtonEventArgs e)
   在 System.Windows.Input.MouseButtonEventArgs.InvokeEventHandler(Delegate genericHandler, Object genericTarget)
   在 System.Windows.RoutedEventArgs.InvokeHandler(Delegate handler, Object target)
   在 System.Windows.RoutedEventHandlerInfo.InvokeHandler(Object target, RoutedEventArgs routedEventArgs)
   在 System.Windows.EventRoute.InvokeHandlersImpl(Object source, RoutedEventArgs args, Boolean reRaised)
   在 System.Windows.UIElement.RaiseEventImpl(DependencyObject sender, RoutedEventArgs args)
   在 System.Windows.UIElement.RaiseTrustedEvent(RoutedEventArgs args)
   在 System.Windows.UIElement.RaiseEvent(RoutedEventArgs args, Boolean trusted)
   在 System.Windows.Input.InputManager.ProcessStagingArea()
   在 System.Windows.Input.InputManager.ProcessInput(InputEventArgs input)
   在 System.Windows.Input.InputProviderSite.ReportInput(InputReport inputReport)
   在 System.Windows.Interop.HwndMouseInputProvider.ReportInput(IntPtr hwnd, InputMode mode, Int32 timestamp, RawMouseActions actions, Int32 x, Int32 y, Int32 wheel)
   在 System.Windows.Interop.HwndMouseInputProvider.FilterMessage(IntPtr hwnd, WindowMessage msg, IntPtr wParam, IntPtr lParam, Boolean& handled)
   在 System.Windows.Interop.HwndSource.InputFilterMessage(IntPtr hwnd, Int32 msg, IntPtr wParam, IntPtr lParam, Boolean& handled)
   在 MS.Win32.HwndWrapper.WndProc(IntPtr hwnd, Int32 msg, IntPtr wParam, IntPtr lParam, Boolean& handled)
   在 MS.Win32.HwndSubclass.DispatcherCallbackOperation(Object o)
   在 System.Windows.Threading.ExceptionWrapper.InternalRealCall(Delegate callback, Object args, Int32 numArgs)
   在 System.Windows.Threading.ExceptionWrapper.TryCatchWhen(Object source, Delegate callback, Object args, Int32 numArgs, Delegate catchHandler)
2022-01-05 21:28:17,057 [1] INFO  MsgLogger [(null)] - Wallpaper Changer Start!
2022-01-05 21:28:17,261 [1] INFO  MsgLogger [(null)] - Loading Data....
2022-01-05 21:28:21,704 [1] INFO  MsgLogger [(null)] - Saving Data....
2022-01-05 21:29:52,248 [1] ERROR DebugRFLogger [(null)] - catch a exception,error info:  
System.InvalidOperationException: 集合已修改；可能无法执行枚举操作。
   在 System.ThrowHelper.ThrowInvalidOperationException(ExceptionResource resource)
   在 System.Collections.Generic.List`1.Enumerator.MoveNextRare()
   在 System.Collections.Generic.List`1.Enumerator.MoveNext()
   在 Jack__Wallpaper_Changer.MainWindow.BtnRemoveSelected_Click(Object sender, RoutedEventArgs e) 位置 D:\MyProject\Jacky Wallpaper Changer\Jack  Wallpaper Changer\MainWindow.xaml.cs:行号 159
   在 System.Windows.RoutedEventHandlerInfo.InvokeHandler(Object target, RoutedEventArgs routedEventArgs)
   在 System.Windows.EventRoute.InvokeHandlersImpl(Object source, RoutedEventArgs args, Boolean reRaised)
   在 System.Windows.UIElement.RaiseEventImpl(DependencyObject sender, RoutedEventArgs args)
   在 System.Windows.UIElement.RaiseEvent(RoutedEventArgs e)
   在 System.Windows.Controls.Primitives.ButtonBase.OnClick()
   在 System.Windows.Controls.Button.OnClick()
   在 System.Windows.Controls.Primitives.ButtonBase.OnMouseLeftButtonUp(MouseButtonEventArgs e)
   在 System.Windows.UIElement.OnMouseLeftButtonUpThunk(Object sender, MouseButtonEventArgs e)
   在 System.Windows.Input.MouseButtonEventArgs.InvokeEventHandler(Delegate genericHandler, Object genericTarget)
   在 System.Windows.RoutedEventArgs.InvokeHandler(Delegate handler, Object target)
   在 System.Windows.RoutedEventHandlerInfo.InvokeHandler(Object target, RoutedEventArgs routedEventArgs)
   在 System.Windows.EventRoute.InvokeHandlersImpl(Object source, RoutedEventArgs args, Boolean reRaised)
   在 System.Windows.UIElement.ReRaiseEventAs(DependencyObject sender, RoutedEventArgs args, RoutedEvent newEvent)
   在 System.Windows.UIElement.OnMouseUpThunk(Object sender, MouseButtonEventArgs e)
   在 System.Windows.Input.MouseButtonEventArgs.InvokeEventHandler(Delegate genericHandler, Object genericTarget)
   在 System.Windows.RoutedEventArgs.InvokeHandler(Delegate handler, Object target)
   在 System.Windows.RoutedEventHandlerInfo.InvokeHandler(Object target, RoutedEventArgs routedEventArgs)
   在 System.Windows.EventRoute.InvokeHandlersImpl(Object source, RoutedEventArgs args, Boolean reRaised)
   在 System.Windows.UIElement.RaiseEventImpl(DependencyObject sender, RoutedEventArgs args)
   在 System.Windows.UIElement.RaiseTrustedEvent(RoutedEventArgs args)
   在 System.Windows.UIElement.RaiseEvent(RoutedEventArgs args, Boolean trusted)
   在 System.Windows.Input.InputManager.ProcessStagingArea()
   在 System.Windows.Input.InputManager.ProcessInput(InputEventArgs input)
   在 System.Windows.Input.InputProviderSite.ReportInput(InputReport inputReport)
   在 System.Windows.Interop.HwndMouseInputProvider.ReportInput(IntPtr hwnd, InputMode mode, Int32 timestamp, RawMouseActions actions, Int32 x, Int32 y, Int32 wheel)
   在 System.Windows.Interop.HwndMouseInputProvider.FilterMessage(IntPtr hwnd, WindowMessage msg, IntPtr wParam, IntPtr lParam, Boolean& handled)
   在 System.Windows.Interop.HwndSource.InputFilterMessage(IntPtr hwnd, Int32 msg, IntPtr wParam, IntPtr lParam, Boolean& handled)
   在 MS.Win32.HwndWrapper.WndProc(IntPtr hwnd, Int32 msg, IntPtr wParam, IntPtr lParam, Boolean& handled)
   在 MS.Win32.HwndSubclass.DispatcherCallbackOperation(Object o)
   在 System.Windows.Threading.ExceptionWrapper.InternalRealCall(Delegate callback, Object args, Int32 numArgs)
   在 System.Windows.Threading.ExceptionWrapper.TryCatchWhen(Object source, Delegate callback, Object args, Int32 numArgs, Delegate catchHandler)
2022-01-05 21:32:23,471 [1] INFO  MsgLogger [(null)] - Wallpaper Changer Start!
2022-01-05 21:32:23,673 [1] INFO  MsgLogger [(null)] - Loading Data....
2022-01-05 21:32:38,286 [1] ERROR DebugRFLogger [(null)] - catch a exception,error info:  
System.InvalidOperationException: 集合已修改；可能无法执行枚举操作。
   在 System.ThrowHelper.ThrowInvalidOperationException(ExceptionResource resource)
   在 System.Collections.Generic.List`1.Enumerator.MoveNextRare()
   在 System.Collections.Generic.List`1.Enumerator.MoveNext()
   在 Jack__Wallpaper_Changer.MainWindow.BtnRemoveSelected_Click(Object sender, RoutedEventArgs e) 位置 D:\MyProject\Jacky Wallpaper Changer\Jack  Wallpaper Changer\MainWindow.xaml.cs:行号 159
   在 System.Windows.RoutedEventHandlerInfo.InvokeHandler(Object target, RoutedEventArgs routedEventArgs)
   在 System.Windows.EventRoute.InvokeHandlersImpl(Object source, RoutedEventArgs args, Boolean reRaised)
   在 System.Windows.UIElement.RaiseEventImpl(DependencyObject sender, RoutedEventArgs args)
   在 System.Windows.UIElement.RaiseEvent(RoutedEventArgs e)
   在 System.Windows.Controls.Primitives.ButtonBase.OnClick()
   在 System.Windows.Controls.Button.OnClick()
   在 System.Windows.Controls.Primitives.ButtonBase.OnMouseLeftButtonUp(MouseButtonEventArgs e)
   在 System.Windows.UIElement.OnMouseLeftButtonUpThunk(Object sender, MouseButtonEventArgs e)
   在 System.Windows.Input.MouseButtonEventArgs.InvokeEventHandler(Delegate genericHandler, Object genericTarget)
   在 System.Windows.RoutedEventArgs.InvokeHandler(Delegate handler, Object target)
   在 System.Windows.RoutedEventHandlerInfo.InvokeHandler(Object target, RoutedEventArgs routedEventArgs)
   在 System.Windows.EventRoute.InvokeHandlersImpl(Object source, RoutedEventArgs args, Boolean reRaised)
   在 System.Windows.UIElement.ReRaiseEventAs(DependencyObject sender, RoutedEventArgs args, RoutedEvent newEvent)
   在 System.Windows.UIElement.OnMouseUpThunk(Object sender, MouseButtonEventArgs e)
   在 System.Windows.Input.MouseButtonEventArgs.InvokeEventHandler(Delegate genericHandler, Object genericTarget)
   在 System.Windows.RoutedEventArgs.InvokeHandler(Delegate handler, Object target)
   在 System.Windows.RoutedEventHandlerInfo.InvokeHandler(Object target, RoutedEventArgs routedEventArgs)
   在 System.Windows.EventRoute.InvokeHandlersImpl(Object source, RoutedEventArgs args, Boolean reRaised)
   在 System.Windows.UIElement.RaiseEventImpl(DependencyObject sender, RoutedEventArgs args)
   在 System.Windows.UIElement.RaiseTrustedEvent(RoutedEventArgs args)
   在 System.Windows.UIElement.RaiseEvent(RoutedEventArgs args, Boolean trusted)
   在 System.Windows.Input.InputManager.ProcessStagingArea()
   在 System.Windows.Input.InputManager.ProcessInput(InputEventArgs input)
   在 System.Windows.Input.InputProviderSite.ReportInput(InputReport inputReport)
   在 System.Windows.Interop.HwndMouseInputProvider.ReportInput(IntPtr hwnd, InputMode mode, Int32 timestamp, RawMouseActions actions, Int32 x, Int32 y, Int32 wheel)
   在 System.Windows.Interop.HwndMouseInputProvider.FilterMessage(IntPtr hwnd, WindowMessage msg, IntPtr wParam, IntPtr lParam, Boolean& handled)
   在 System.Windows.Interop.HwndSource.InputFilterMessage(IntPtr hwnd, Int32 msg, IntPtr wParam, IntPtr lParam, Boolean& handled)
   在 MS.Win32.HwndWrapper.WndProc(IntPtr hwnd, Int32 msg, IntPtr wParam, IntPtr lParam, Boolean& handled)
   在 MS.Win32.HwndSubclass.DispatcherCallbackOperation(Object o)
   在 System.Windows.Threading.ExceptionWrapper.InternalRealCall(Delegate callback, Object args, Int32 numArgs)
   在 System.Windows.Threading.ExceptionWrapper.TryCatchWhen(Object source, Delegate callback, Object args, Int32 numArgs, Delegate catchHandler)
2022-01-05 21:36:32,070 [1] INFO  MsgLogger [(null)] - Wallpaper Changer Start!
2022-01-05 21:36:32,279 [1] INFO  MsgLogger [(null)] - Loading Data....
2022-01-05 21:36:48,871 [1] ERROR DebugRFLogger [(null)] - catch a exception,error info:  
System.InvalidOperationException: 集合已修改；可能无法执行枚举操作。
   在 System.ThrowHelper.ThrowInvalidOperationException(ExceptionResource resource)
   在 System.Collections.Generic.List`1.Enumerator.MoveNextRare()
   在 System.Collections.Generic.List`1.Enumerator.MoveNext()
   在 Jack__Wallpaper_Changer.MainWindow.BtnRemoveSelected_Click(Object sender, RoutedEventArgs e) 位置 D:\MyProject\Jacky Wallpaper Changer\Jack  Wallpaper Changer\MainWindow.xaml.cs:行号 159
   在 System.Windows.RoutedEventHandlerInfo.InvokeHandler(Object target, RoutedEventArgs routedEventArgs)
   在 System.Windows.EventRoute.InvokeHandlersImpl(Object source, RoutedEventArgs args, Boolean reRaised)
   在 System.Windows.UIElement.RaiseEventImpl(DependencyObject sender, RoutedEventArgs args)
   在 System.Windows.UIElement.RaiseEvent(RoutedEventArgs e)
   在 System.Windows.Controls.Primitives.ButtonBase.OnClick()
   在 System.Windows.Controls.Button.OnClick()
   在 System.Windows.Controls.Primitives.ButtonBase.OnMouseLeftButtonUp(MouseButtonEventArgs e)
   在 System.Windows.UIElement.OnMouseLeftButtonUpThunk(Object sender, MouseButtonEventArgs e)
   在 System.Windows.Input.MouseButtonEventArgs.InvokeEventHandler(Delegate genericHandler, Object genericTarget)
   在 System.Windows.RoutedEventArgs.InvokeHandler(Delegate handler, Object target)
   在 System.Windows.RoutedEventHandlerInfo.InvokeHandler(Object target, RoutedEventArgs routedEventArgs)
   在 System.Windows.EventRoute.InvokeHandlersImpl(Object source, RoutedEventArgs args, Boolean reRaised)
   在 System.Windows.UIElement.ReRaiseEventAs(DependencyObject sender, RoutedEventArgs args, RoutedEvent newEvent)
   在 System.Windows.UIElement.OnMouseUpThunk(Object sender, MouseButtonEventArgs e)
   在 System.Windows.Input.MouseButtonEventArgs.InvokeEventHandler(Delegate genericHandler, Object genericTarget)
   在 System.Windows.RoutedEventArgs.InvokeHandler(Delegate handler, Object target)
   在 System.Windows.RoutedEventHandlerInfo.InvokeHandler(Object target, RoutedEventArgs routedEventArgs)
   在 System.Windows.EventRoute.InvokeHandlersImpl(Object source, RoutedEventArgs args, Boolean reRaised)
   在 System.Windows.UIElement.RaiseEventImpl(DependencyObject sender, RoutedEventArgs args)
   在 System.Windows.UIElement.RaiseTrustedEvent(RoutedEventArgs args)
   在 System.Windows.UIElement.RaiseEvent(RoutedEventArgs args, Boolean trusted)
   在 System.Windows.Input.InputManager.ProcessStagingArea()
   在 System.Windows.Input.InputManager.ProcessInput(InputEventArgs input)
   在 System.Windows.Input.InputProviderSite.ReportInput(InputReport inputReport)
   在 System.Windows.Interop.HwndMouseInputProvider.ReportInput(IntPtr hwnd, InputMode mode, Int32 timestamp, RawMouseActions actions, Int32 x, Int32 y, Int32 wheel)
   在 System.Windows.Interop.HwndMouseInputProvider.FilterMessage(IntPtr hwnd, WindowMessage msg, IntPtr wParam, IntPtr lParam, Boolean& handled)
   在 System.Windows.Interop.HwndSource.InputFilterMessage(IntPtr hwnd, Int32 msg, IntPtr wParam, IntPtr lParam, Boolean& handled)
   在 MS.Win32.HwndWrapper.WndProc(IntPtr hwnd, Int32 msg, IntPtr wParam, IntPtr lParam, Boolean& handled)
   在 MS.Win32.HwndSubclass.DispatcherCallbackOperation(Object o)
   在 System.Windows.Threading.ExceptionWrapper.InternalRealCall(Delegate callback, Object args, Int32 numArgs)
   在 System.Windows.Threading.ExceptionWrapper.TryCatchWhen(Object source, Delegate callback, Object args, Int32 numArgs, Delegate catchHandler)
2022-01-05 21:37:46,034 [1] INFO  MsgLogger [(null)] - Wallpaper Changer Start!
2022-01-05 21:37:46,246 [1] INFO  MsgLogger [(null)] - Loading Data....
2022-01-05 21:37:59,552 [1] ERROR DebugRFLogger [(null)] - catch a exception,error info:  
System.InvalidOperationException: 集合已修改；可能无法执行枚举操作。
   在 System.ThrowHelper.ThrowInvalidOperationException(ExceptionResource resource)
   在 System.Collections.Generic.List`1.Enumerator.MoveNextRare()
   在 System.Collections.Generic.List`1.Enumerator.MoveNext()
   在 Jack__Wallpaper_Changer.MainWindow.BtnRemoveSelected_Click(Object sender, RoutedEventArgs e) 位置 D:\MyProject\Jacky Wallpaper Changer\Jack  Wallpaper Changer\MainWindow.xaml.cs:行号 159
   在 System.Windows.RoutedEventHandlerInfo.InvokeHandler(Object target, RoutedEventArgs routedEventArgs)
   在 System.Windows.EventRoute.InvokeHandlersImpl(Object source, RoutedEventArgs args, Boolean reRaised)
   在 System.Windows.UIElement.RaiseEventImpl(DependencyObject sender, RoutedEventArgs args)
   在 System.Windows.UIElement.RaiseEvent(RoutedEventArgs e)
   在 System.Windows.Controls.Primitives.ButtonBase.OnClick()
   在 System.Windows.Controls.Button.OnClick()
   在 System.Windows.Controls.Primitives.ButtonBase.OnMouseLeftButtonUp(MouseButtonEventArgs e)
   在 System.Windows.UIElement.OnMouseLeftButtonUpThunk(Object sender, MouseButtonEventArgs e)
   在 System.Windows.Input.MouseButtonEventArgs.InvokeEventHandler(Delegate genericHandler, Object genericTarget)
   在 System.Windows.RoutedEventArgs.InvokeHandler(Delegate handler, Object target)
   在 System.Windows.RoutedEventHandlerInfo.InvokeHandler(Object target, RoutedEventArgs routedEventArgs)
   在 System.Windows.EventRoute.InvokeHandlersImpl(Object source, RoutedEventArgs args, Boolean reRaised)
   在 System.Windows.UIElement.ReRaiseEventAs(DependencyObject sender, RoutedEventArgs args, RoutedEvent newEvent)
   在 System.Windows.UIElement.OnMouseUpThunk(Object sender, MouseButtonEventArgs e)
   在 System.Windows.Input.MouseButtonEventArgs.InvokeEventHandler(Delegate genericHandler, Object genericTarget)
   在 System.Windows.RoutedEventArgs.InvokeHandler(Delegate handler, Object target)
   在 System.Windows.RoutedEventHandlerInfo.InvokeHandler(Object target, RoutedEventArgs routedEventArgs)
   在 System.Windows.EventRoute.InvokeHandlersImpl(Object source, RoutedEventArgs args, Boolean reRaised)
   在 System.Windows.UIElement.RaiseEventImpl(DependencyObject sender, RoutedEventArgs args)
   在 System.Windows.UIElement.RaiseTrustedEvent(RoutedEventArgs args)
   在 System.Windows.UIElement.RaiseEvent(RoutedEventArgs args, Boolean trusted)
   在 System.Windows.Input.InputManager.ProcessStagingArea()
   在 System.Windows.Input.InputManager.ProcessInput(InputEventArgs input)
   在 System.Windows.Input.InputProviderSite.ReportInput(InputReport inputReport)
   在 System.Windows.Interop.HwndMouseInputProvider.ReportInput(IntPtr hwnd, InputMode mode, Int32 timestamp, RawMouseActions actions, Int32 x, Int32 y, Int32 wheel)
   在 System.Windows.Interop.HwndMouseInputProvider.FilterMessage(IntPtr hwnd, WindowMessage msg, IntPtr wParam, IntPtr lParam, Boolean& handled)
   在 System.Windows.Interop.HwndSource.InputFilterMessage(IntPtr hwnd, Int32 msg, IntPtr wParam, IntPtr lParam, Boolean& handled)
   在 MS.Win32.HwndWrapper.WndProc(IntPtr hwnd, Int32 msg, IntPtr wParam, IntPtr lParam, Boolean& handled)
   在 MS.Win32.HwndSubclass.DispatcherCallbackOperation(Object o)
   在 System.Windows.Threading.ExceptionWrapper.InternalRealCall(Delegate callback, Object args, Int32 numArgs)
   在 System.Windows.Threading.ExceptionWrapper.TryCatchWhen(Object source, Delegate callback, Object args, Int32 numArgs, Delegate catchHandler)
2022-01-05 21:38:34,190 [1] INFO  MsgLogger [(null)] - Wallpaper Changer Start!
2022-01-05 21:38:34,392 [1] INFO  MsgLogger [(null)] - Loading Data....
2022-01-05 21:40:23,630 [1] INFO  MsgLogger [(null)] - Wallpaper Changer Start!
2022-01-05 21:40:23,838 [1] INFO  MsgLogger [(null)] - Loading Data....
2022-01-05 21:41:08,028 [1] ERROR DebugRFLogger [(null)] - catch a exception,error info:  
System.InvalidOperationException: 集合已修改；可能无法执行枚举操作。
   在 System.ThrowHelper.ThrowInvalidOperationException(ExceptionResource resource)
   在 System.Collections.Generic.List`1.Enumerator.MoveNextRare()
   在 System.Collections.Generic.List`1.Enumerator.MoveNext()
   在 Jack__Wallpaper_Changer.MainWindow.BtnRemoveSelected_Click(Object sender, RoutedEventArgs e) 位置 D:\MyProject\Jacky Wallpaper Changer\Jack  Wallpaper Changer\MainWindow.xaml.cs:行号 159
   在 System.Windows.RoutedEventHandlerInfo.InvokeHandler(Object target, RoutedEventArgs routedEventArgs)
   在 System.Windows.EventRoute.InvokeHandlersImpl(Object source, RoutedEventArgs args, Boolean reRaised)
   在 System.Windows.UIElement.RaiseEventImpl(DependencyObject sender, RoutedEventArgs args)
   在 System.Windows.UIElement.RaiseEvent(RoutedEventArgs e)
   在 System.Windows.Controls.Primitives.ButtonBase.OnClick()
   在 System.Windows.Controls.Button.OnClick()
   在 System.Windows.Controls.Primitives.ButtonBase.OnMouseLeftButtonUp(MouseButtonEventArgs e)
   在 System.Windows.UIElement.OnMouseLeftButtonUpThunk(Object sender, MouseButtonEventArgs e)
   在 System.Windows.Input.MouseButtonEventArgs.InvokeEventHandler(Delegate genericHandler, Object genericTarget)
   在 System.Windows.RoutedEventArgs.InvokeHandler(Delegate handler, Object target)
   在 System.Windows.RoutedEventHandlerInfo.InvokeHandler(Object target, RoutedEventArgs routedEventArgs)
   在 System.Windows.EventRoute.InvokeHandlersImpl(Object source, RoutedEventArgs args, Boolean reRaised)
   在 System.Windows.UIElement.ReRaiseEventAs(DependencyObject sender, RoutedEventArgs args, RoutedEvent newEvent)
   在 System.Windows.UIElement.OnMouseUpThunk(Object sender, MouseButtonEventArgs e)
   在 System.Windows.Input.MouseButtonEventArgs.InvokeEventHandler(Delegate genericHandler, Object genericTarget)
   在 System.Windows.RoutedEventArgs.InvokeHandler(Delegate handler, Object target)
   在 System.Windows.RoutedEventHandlerInfo.InvokeHandler(Object target, RoutedEventArgs routedEventArgs)
   在 System.Windows.EventRoute.InvokeHandlersImpl(Object source, RoutedEventArgs args, Boolean reRaised)
   在 System.Windows.UIElement.RaiseEventImpl(DependencyObject sender, RoutedEventArgs args)
   在 System.Windows.UIElement.RaiseTrustedEvent(RoutedEventArgs args)
   在 System.Windows.UIElement.RaiseEvent(RoutedEventArgs args, Boolean trusted)
   在 System.Windows.Input.InputManager.ProcessStagingArea()
   在 System.Windows.Input.InputManager.ProcessInput(InputEventArgs input)
   在 System.Windows.Input.InputProviderSite.ReportInput(InputReport inputReport)
   在 System.Windows.Interop.HwndMouseInputProvider.ReportInput(IntPtr hwnd, InputMode mode, Int32 timestamp, RawMouseActions actions, Int32 x, Int32 y, Int32 wheel)
   在 System.Windows.Interop.HwndMouseInputProvider.FilterMessage(IntPtr hwnd, WindowMessage msg, IntPtr wParam, IntPtr lParam, Boolean& handled)
   在 System.Windows.Interop.HwndSource.InputFilterMessage(IntPtr hwnd, Int32 msg, IntPtr wParam, IntPtr lParam, Boolean& handled)
   在 MS.Win32.HwndWrapper.WndProc(IntPtr hwnd, Int32 msg, IntPtr wParam, IntPtr lParam, Boolean& handled)
   在 MS.Win32.HwndSubclass.DispatcherCallbackOperation(Object o)
   在 System.Windows.Threading.ExceptionWrapper.InternalRealCall(Delegate callback, Object args, Int32 numArgs)
   在 System.Windows.Threading.ExceptionWrapper.TryCatchWhen(Object source, Delegate callback, Object args, Int32 numArgs, Delegate catchHandler)
2022-01-05 21:42:00,070 [1] INFO  MsgLogger [(null)] - Wallpaper Changer Start!
2022-01-05 21:42:00,274 [1] INFO  MsgLogger [(null)] - Loading Data....
2022-01-05 21:42:12,545 [1] ERROR DebugRFLogger [(null)] - catch a exception,error info:  
System.InvalidOperationException: 集合已修改；可能无法执行枚举操作。
   在 System.ThrowHelper.ThrowInvalidOperationException(ExceptionResource resource)
   在 System.Collections.Generic.List`1.Enumerator.MoveNextRare()
   在 System.Collections.Generic.List`1.Enumerator.MoveNext()
   在 Jack__Wallpaper_Changer.MainWindow.BtnRemoveSelected_Click(Object sender, RoutedEventArgs e) 位置 D:\MyProject\Jacky Wallpaper Changer\Jack  Wallpaper Changer\MainWindow.xaml.cs:行号 159
   在 System.Windows.RoutedEventHandlerInfo.InvokeHandler(Object target, RoutedEventArgs routedEventArgs)
   在 System.Windows.EventRoute.InvokeHandlersImpl(Object source, RoutedEventArgs args, Boolean reRaised)
   在 System.Windows.UIElement.RaiseEventImpl(DependencyObject sender, RoutedEventArgs args)
   在 System.Windows.UIElement.RaiseEvent(RoutedEventArgs e)
   在 System.Windows.Controls.Primitives.ButtonBase.OnClick()
   在 System.Windows.Controls.Button.OnClick()
   在 System.Windows.Controls.Primitives.ButtonBase.OnMouseLeftButtonUp(MouseButtonEventArgs e)
   在 System.Windows.UIElement.OnMouseLeftButtonUpThunk(Object sender, MouseButtonEventArgs e)
   在 System.Windows.Input.MouseButtonEventArgs.InvokeEventHandler(Delegate genericHandler, Object genericTarget)
   在 System.Windows.RoutedEventArgs.InvokeHandler(Delegate handler, Object target)
   在 System.Windows.RoutedEventHandlerInfo.InvokeHandler(Object target, RoutedEventArgs routedEventArgs)
   在 System.Windows.EventRoute.InvokeHandlersImpl(Object source, RoutedEventArgs args, Boolean reRaised)
   在 System.Windows.UIElement.ReRaiseEventAs(DependencyObject sender, RoutedEventArgs args, RoutedEvent newEvent)
   在 System.Windows.UIElement.OnMouseUpThunk(Object sender, MouseButtonEventArgs e)
   在 System.Windows.Input.MouseButtonEventArgs.InvokeEventHandler(Delegate genericHandler, Object genericTarget)
   在 System.Windows.RoutedEventArgs.InvokeHandler(Delegate handler, Object target)
   在 System.Windows.RoutedEventHandlerInfo.InvokeHandler(Object target, RoutedEventArgs routedEventArgs)
   在 System.Windows.EventRoute.InvokeHandlersImpl(Object source, RoutedEventArgs args, Boolean reRaised)
   在 System.Windows.UIElement.RaiseEventImpl(DependencyObject sender, RoutedEventArgs args)
   在 System.Windows.UIElement.RaiseTrustedEvent(RoutedEventArgs args)
   在 System.Windows.UIElement.RaiseEvent(RoutedEventArgs args, Boolean trusted)
   在 System.Windows.Input.InputManager.ProcessStagingArea()
   在 System.Windows.Input.InputManager.ProcessInput(InputEventArgs input)
   在 System.Windows.Input.InputProviderSite.ReportInput(InputReport inputReport)
   在 System.Windows.Interop.HwndMouseInputProvider.ReportInput(IntPtr hwnd, InputMode mode, Int32 timestamp, RawMouseActions actions, Int32 x, Int32 y, Int32 wheel)
   在 System.Windows.Interop.HwndMouseInputProvider.FilterMessage(IntPtr hwnd, WindowMessage msg, IntPtr wParam, IntPtr lParam, Boolean& handled)
   在 System.Windows.Interop.HwndSource.InputFilterMessage(IntPtr hwnd, Int32 msg, IntPtr wParam, IntPtr lParam, Boolean& handled)
   在 MS.Win32.HwndWrapper.WndProc(IntPtr hwnd, Int32 msg, IntPtr wParam, IntPtr lParam, Boolean& handled)
   在 MS.Win32.HwndSubclass.DispatcherCallbackOperation(Object o)
   在 System.Windows.Threading.ExceptionWrapper.InternalRealCall(Delegate callback, Object args, Int32 numArgs)
   在 System.Windows.Threading.ExceptionWrapper.TryCatchWhen(Object source, Delegate callback, Object args, Int32 numArgs, Delegate catchHandler)
2022-01-05 21:42:28,996 [1] INFO  MsgLogger [(null)] - Wallpaper Changer Start!
2022-01-05 21:42:29,208 [1] INFO  MsgLogger [(null)] - Loading Data....
2022-01-05 21:43:11,032 [1] ERROR DebugRFLogger [(null)] - catch a exception,error info:  
System.InvalidOperationException: 集合已修改；可能无法执行枚举操作。
   在 System.ThrowHelper.ThrowInvalidOperationException(ExceptionResource resource)
   在 System.Collections.Generic.List`1.Enumerator.MoveNextRare()
   在 System.Collections.Generic.List`1.Enumerator.MoveNext()
   在 Jack__Wallpaper_Changer.MainWindow.BtnRemoveSelected_Click(Object sender, RoutedEventArgs e) 位置 D:\MyProject\Jacky Wallpaper Changer\Jack  Wallpaper Changer\MainWindow.xaml.cs:行号 159
   在 System.Windows.RoutedEventHandlerInfo.InvokeHandler(Object target, RoutedEventArgs routedEventArgs)
   在 System.Windows.EventRoute.InvokeHandlersImpl(Object source, RoutedEventArgs args, Boolean reRaised)
   在 System.Windows.UIElement.RaiseEventImpl(DependencyObject sender, RoutedEventArgs args)
   在 System.Windows.UIElement.RaiseEvent(RoutedEventArgs e)
   在 System.Windows.Controls.Primitives.ButtonBase.OnClick()
   在 System.Windows.Controls.Button.OnClick()
   在 System.Windows.Controls.Primitives.ButtonBase.OnMouseLeftButtonUp(MouseButtonEventArgs e)
   在 System.Windows.UIElement.OnMouseLeftButtonUpThunk(Object sender, MouseButtonEventArgs e)
   在 System.Windows.Input.MouseButtonEventArgs.InvokeEventHandler(Delegate genericHandler, Object genericTarget)
   在 System.Windows.RoutedEventArgs.InvokeHandler(Delegate handler, Object target)
   在 System.Windows.RoutedEventHandlerInfo.InvokeHandler(Object target, RoutedEventArgs routedEventArgs)
   在 System.Windows.EventRoute.InvokeHandlersImpl(Object source, RoutedEventArgs args, Boolean reRaised)
   在 System.Windows.UIElement.ReRaiseEventAs(DependencyObject sender, RoutedEventArgs args, RoutedEvent newEvent)
   在 System.Windows.UIElement.OnMouseUpThunk(Object sender, MouseButtonEventArgs e)
   在 System.Windows.Input.MouseButtonEventArgs.InvokeEventHandler(Delegate genericHandler, Object genericTarget)
   在 System.Windows.RoutedEventArgs.InvokeHandler(Delegate handler, Object target)
   在 System.Windows.RoutedEventHandlerInfo.InvokeHandler(Object target, RoutedEventArgs routedEventArgs)
   在 System.Windows.EventRoute.InvokeHandlersImpl(Object source, RoutedEventArgs args, Boolean reRaised)
   在 System.Windows.UIElement.RaiseEventImpl(DependencyObject sender, RoutedEventArgs args)
   在 System.Windows.UIElement.RaiseTrustedEvent(RoutedEventArgs args)
   在 System.Windows.UIElement.RaiseEvent(RoutedEventArgs args, Boolean trusted)
   在 System.Windows.Input.InputManager.ProcessStagingArea()
   在 System.Windows.Input.InputManager.ProcessInput(InputEventArgs input)
   在 System.Windows.Input.InputProviderSite.ReportInput(InputReport inputReport)
   在 System.Windows.Interop.HwndMouseInputProvider.ReportInput(IntPtr hwnd, InputMode mode, Int32 timestamp, RawMouseActions actions, Int32 x, Int32 y, Int32 wheel)
   在 System.Windows.Interop.HwndMouseInputProvider.FilterMessage(IntPtr hwnd, WindowMessage msg, IntPtr wParam, IntPtr lParam, Boolean& handled)
   在 System.Windows.Interop.HwndSource.InputFilterMessage(IntPtr hwnd, Int32 msg, IntPtr wParam, IntPtr lParam, Boolean& handled)
   在 MS.Win32.HwndWrapper.WndProc(IntPtr hwnd, Int32 msg, IntPtr wParam, IntPtr lParam, Boolean& handled)
   在 MS.Win32.HwndSubclass.DispatcherCallbackOperation(Object o)
   在 System.Windows.Threading.ExceptionWrapper.InternalRealCall(Delegate callback, Object args, Int32 numArgs)
   在 System.Windows.Threading.ExceptionWrapper.TryCatchWhen(Object source, Delegate callback, Object args, Int32 numArgs, Delegate catchHandler)
2022-01-05 21:43:34,515 [1] INFO  MsgLogger [(null)] - Wallpaper Changer Start!
2022-01-05 21:43:34,645 [1] INFO  MsgLogger [(null)] - Loading Data....
2022-01-05 21:44:02,226 [1] INFO  MsgLogger [(null)] - Wallpaper Changer Start!
2022-01-05 21:44:02,356 [1] INFO  MsgLogger [(null)] - Loading Data....
2022-01-05 21:44:02,670 [2] INFO  MsgLogger [(null)] - Saving Data....
2022-01-05 21:44:52,582 [1] INFO  MsgLogger [(null)] - Wallpaper Changer Start!
2022-01-05 21:44:52,791 [1] INFO  MsgLogger [(null)] - Loading Data....
2022-01-05 21:45:40,594 [1] INFO  MsgLogger [(null)] - Wallpaper Changer Start!
2022-01-05 21:45:40,725 [1] INFO  MsgLogger [(null)] - Loading Data....
