2022-01-01 22:06:27,895 [1] INFO  MsgLogger [(null)] - Wallpaper Changer Start!
2022-01-01 22:06:28,057 [1] INFO  MsgLogger [(null)] - Loading Data....
2022-01-01 22:06:28,244 [1] ERROR DebugRFLogger [(null)] - catch a exception,error info:  
System.Windows.Markup.XamlParseException: “对类型“Jack__Wallpaper_Changer.MainWindow”的构造函数执行符合指定的绑定约束的调用时引发了异常。”，行号为“7”，行位置为“9”。 ---> System.IO.FileNotFoundException: 未能找到文件“D:\MyProject\Jacky Wallpaper Changer\Jack  Wallpaper Changer\bin\Debug\logo.ico”。
   在 System.IO.__Error.WinIOError(Int32 errorCode, String maybeFullPath)
   在 System.IO.FileStream.Init(String path, FileMode mode, FileAccess access, Int32 rights, Boolean useRights, FileShare share, Int32 bufferSize, FileOptions options, SECURITY_ATTRIBUTES secAttrs, String msgPath, Boolean bFromProxy, Boolean useLongPath, Boolean checkHost)
   在 System.IO.FileStream..ctor(String path, FileMode mode, FileAccess access, FileShare share)
   在 System.Drawing.Icon..ctor(String fileName, Int32 width, Int32 height)
   在 System.Drawing.Icon..ctor(String fileName)
   在 Jack__Wallpaper_Changer.MainWindow.InitNotifyIcon() 位置 D:\MyProject\Jacky Wallpaper Changer\Jack  Wallpaper Changer\MainWindow.xaml.cs:行号 46
   在 Jack__Wallpaper_Changer.MainWindow..ctor() 位置 D:\MyProject\Jacky Wallpaper Changer\Jack  Wallpaper Changer\MainWindow.xaml.cs:行号 26
   --- 内部异常堆栈跟踪的结尾 ---
   在 System.Windows.Markup.WpfXamlLoader.Load(XamlReader xamlReader, IXamlObjectWriterFactory writerFactory, Boolean skipJournaledProperties, Object rootObject, XamlObjectWriterSettings settings, Uri baseUri)
   在 System.Windows.Markup.WpfXamlLoader.LoadBaml(XamlReader xamlReader, Boolean skipJournaledProperties, Object rootObject, XamlAccessLevel accessLevel, Uri baseUri)
   在 System.Windows.Markup.XamlReader.LoadBaml(Stream stream, ParserContext parserContext, Object parent, Boolean closeStream)
   在 System.Windows.Application.LoadBamlStreamWithSyncInfo(Stream stream, ParserContext pc)
   在 System.Windows.Application.LoadComponent(Uri resourceLocator, Boolean bSkipJournaledProperties)
   在 System.Windows.Application.DoStartup()
   在 System.Windows.Application.<.ctor>b__1_0(Object unused)
   在 System.Windows.Threading.ExceptionWrapper.InternalRealCall(Delegate callback, Object args, Int32 numArgs)
   在 System.Windows.Threading.ExceptionWrapper.TryCatchWhen(Object source, Delegate callback, Object args, Int32 numArgs, Delegate catchHandler)
2022-01-01 22:06:34,078 [1] INFO  MsgLogger [(null)] - Wallpaper Changer Start!
2022-01-01 22:06:34,202 [1] INFO  MsgLogger [(null)] - Loading Data....
2022-01-01 22:06:34,353 [1] ERROR DebugRFLogger [(null)] - catch a exception,error info:  
System.Windows.Markup.XamlParseException: “对类型“Jack__Wallpaper_Changer.MainWindow”的构造函数执行符合指定的绑定约束的调用时引发了异常。”，行号为“7”，行位置为“9”。 ---> System.IO.FileNotFoundException: 未能找到文件“D:\MyProject\Jacky Wallpaper Changer\Jack  Wallpaper Changer\bin\Debug\logo.ico”。
   在 System.IO.__Error.WinIOError(Int32 errorCode, String maybeFullPath)
   在 System.IO.FileStream.Init(String path, FileMode mode, FileAccess access, Int32 rights, Boolean useRights, FileShare share, Int32 bufferSize, FileOptions options, SECURITY_ATTRIBUTES secAttrs, String msgPath, Boolean bFromProxy, Boolean useLongPath, Boolean checkHost)
   在 System.IO.FileStream..ctor(String path, FileMode mode, FileAccess access, FileShare share)
   在 System.Drawing.Icon..ctor(String fileName, Int32 width, Int32 height)
   在 System.Drawing.Icon..ctor(String fileName)
   在 Jack__Wallpaper_Changer.MainWindow.InitNotifyIcon() 位置 D:\MyProject\Jacky Wallpaper Changer\Jack  Wallpaper Changer\MainWindow.xaml.cs:行号 46
   在 Jack__Wallpaper_Changer.MainWindow..ctor() 位置 D:\MyProject\Jacky Wallpaper Changer\Jack  Wallpaper Changer\MainWindow.xaml.cs:行号 26
   --- 内部异常堆栈跟踪的结尾 ---
   在 System.Windows.Markup.WpfXamlLoader.Load(XamlReader xamlReader, IXamlObjectWriterFactory writerFactory, Boolean skipJournaledProperties, Object rootObject, XamlObjectWriterSettings settings, Uri baseUri)
   在 System.Windows.Markup.WpfXamlLoader.LoadBaml(XamlReader xamlReader, Boolean skipJournaledProperties, Object rootObject, XamlAccessLevel accessLevel, Uri baseUri)
   在 System.Windows.Markup.XamlReader.LoadBaml(Stream stream, ParserContext parserContext, Object parent, Boolean closeStream)
   在 System.Windows.Application.LoadBamlStreamWithSyncInfo(Stream stream, ParserContext pc)
   在 System.Windows.Application.LoadComponent(Uri resourceLocator, Boolean bSkipJournaledProperties)
   在 System.Windows.Application.DoStartup()
   在 System.Windows.Application.<.ctor>b__1_0(Object unused)
   在 System.Windows.Threading.ExceptionWrapper.InternalRealCall(Delegate callback, Object args, Int32 numArgs)
   在 System.Windows.Threading.ExceptionWrapper.TryCatchWhen(Object source, Delegate callback, Object args, Int32 numArgs, Delegate catchHandler)
2022-01-01 22:06:45,724 [1] INFO  MsgLogger [(null)] - Wallpaper Changer Start!
2022-01-01 22:06:45,917 [1] INFO  MsgLogger [(null)] - Loading Data....
2022-01-01 22:07:49,362 [1] INFO  MsgLogger [(null)] - Wallpaper Changer Start!
2022-01-01 22:07:49,544 [1] INFO  MsgLogger [(null)] - Loading Data....
2022-01-01 22:08:25,894 [1] INFO  MsgLogger [(null)] - Wallpaper Changer Start!
2022-01-01 22:08:26,089 [1] INFO  MsgLogger [(null)] - Loading Data....
2022-01-01 22:15:13,886 [1] INFO  MsgLogger [(null)] - Wallpaper Changer Start!
2022-01-01 22:15:14,006 [1] INFO  MsgLogger [(null)] - Loading Data....
2022-01-01 22:15:17,101 [1] ERROR DebugRFLogger [(null)] - catch a exception,error info:  
System.Runtime.InteropServices.COMException (0x8000FFFF): 灾难性故障 (异常来自 HRESULT:0x8000FFFF (E_UNEXPECTED))
   在 Microsoft.WindowsAPICodePack.Dialogs.IFileDialog.SetFileTypes(UInt32 cFileTypes, FilterSpec[] rgFilterSpec)
   在 Microsoft.WindowsAPICodePack.Dialogs.CommonFileDialog.ApplyNativeSettings(IFileDialog dialog)
   在 Microsoft.WindowsAPICodePack.Dialogs.CommonFileDialog.ShowDialog()
   在 Jack__Wallpaper_Changer.MainWindow.BtnAddFolder_Click(Object sender, RoutedEventArgs e) 位置 D:\MyProject\Jacky Wallpaper Changer\Jack  Wallpaper Changer\MainWindow.xaml.cs:行号 155
   在 System.Windows.RoutedEventHandlerInfo.InvokeHandler(Object target, RoutedEventArgs routedEventArgs)
   在 System.Windows.EventRoute.InvokeHandlersImpl(Object source, RoutedEventArgs args, Boolean reRaised)
   在 System.Windows.UIElement.RaiseEventImpl(DependencyObject sender, RoutedEventArgs args)
   在 System.Windows.UIElement.RaiseEvent(RoutedEventArgs e)
   在 System.Windows.Controls.Primitives.ButtonBase.OnClick()
   在 System.Windows.Controls.Button.OnClick()
   在 System.Windows.Controls.Primitives.ButtonBase.OnMouseLeftButtonUp(MouseButtonEventArgs e)
   在 System.Windows.UIElement.OnMouseLeftButtonUpThunk(Object sender, MouseButtonEventArgs e)
   在 System.Windows.Input.MouseButtonEventArgs.InvokeEventHandler(Delegate genericHandler, Object genericTarget)
   在 System.Windows.RoutedEventArgs.InvokeHandler(Delegate handler, Object target)
   在 System.Windows.RoutedEventHandlerInfo.InvokeHandler(Object target, RoutedEventArgs routedEventArgs)
   在 System.Windows.EventRoute.InvokeHandlersImpl(Object source, RoutedEventArgs args, Boolean reRaised)
   在 System.Windows.UIElement.ReRaiseEventAs(DependencyObject sender, RoutedEventArgs args, RoutedEvent newEvent)
   在 System.Windows.UIElement.OnMouseUpThunk(Object sender, MouseButtonEventArgs e)
   在 System.Windows.Input.MouseButtonEventArgs.InvokeEventHandler(Delegate genericHandler, Object genericTarget)
   在 System.Windows.RoutedEventArgs.InvokeHandler(Delegate handler, Object target)
   在 System.Windows.RoutedEventHandlerInfo.InvokeHandler(Object target, RoutedEventArgs routedEventArgs)
   在 System.Windows.EventRoute.InvokeHandlersImpl(Object source, RoutedEventArgs args, Boolean reRaised)
   在 System.Windows.UIElement.RaiseEventImpl(DependencyObject sender, RoutedEventArgs args)
   在 System.Windows.UIElement.RaiseTrustedEvent(RoutedEventArgs args)
   在 System.Windows.UIElement.RaiseEvent(RoutedEventArgs args, Boolean trusted)
   在 System.Windows.Input.InputManager.ProcessStagingArea()
   在 System.Windows.Input.InputManager.ProcessInput(InputEventArgs input)
   在 System.Windows.Input.InputProviderSite.ReportInput(InputReport inputReport)
   在 System.Windows.Interop.HwndMouseInputProvider.ReportInput(IntPtr hwnd, InputMode mode, Int32 timestamp, RawMouseActions actions, Int32 x, Int32 y, Int32 wheel)
   在 System.Windows.Interop.HwndMouseInputProvider.FilterMessage(IntPtr hwnd, WindowMessage msg, IntPtr wParam, IntPtr lParam, Boolean& handled)
   在 System.Windows.Interop.HwndSource.InputFilterMessage(IntPtr hwnd, Int32 msg, IntPtr wParam, IntPtr lParam, Boolean& handled)
   在 MS.Win32.HwndWrapper.WndProc(IntPtr hwnd, Int32 msg, IntPtr wParam, IntPtr lParam, Boolean& handled)
   在 MS.Win32.HwndSubclass.DispatcherCallbackOperation(Object o)
   在 System.Windows.Threading.ExceptionWrapper.InternalRealCall(Delegate callback, Object args, Int32 numArgs)
   在 System.Windows.Threading.ExceptionWrapper.TryCatchWhen(Object source, Delegate callback, Object args, Int32 numArgs, Delegate catchHandler)
2022-01-01 22:15:41,650 [1] INFO  MsgLogger [(null)] - Wallpaper Changer Start!
2022-01-01 22:15:41,839 [1] INFO  MsgLogger [(null)] - Loading Data....
2022-01-01 22:15:58,472 [1] ERROR DebugRFLogger [(null)] - catch a exception,error info:  
System.Runtime.InteropServices.COMException (0x8000FFFF): 灾难性故障 (异常来自 HRESULT:0x8000FFFF (E_UNEXPECTED))
   在 Microsoft.WindowsAPICodePack.Dialogs.IFileDialog.SetFileTypes(UInt32 cFileTypes, FilterSpec[] rgFilterSpec)
   在 Microsoft.WindowsAPICodePack.Dialogs.CommonFileDialog.ApplyNativeSettings(IFileDialog dialog)
   在 Microsoft.WindowsAPICodePack.Dialogs.CommonFileDialog.ShowDialog()
   在 Jack__Wallpaper_Changer.MainWindow.BtnAddFolder_Click(Object sender, RoutedEventArgs e) 位置 D:\MyProject\Jacky Wallpaper Changer\Jack  Wallpaper Changer\MainWindow.xaml.cs:行号 155
   在 System.Windows.RoutedEventHandlerInfo.InvokeHandler(Object target, RoutedEventArgs routedEventArgs)
   在 System.Windows.EventRoute.InvokeHandlersImpl(Object source, RoutedEventArgs args, Boolean reRaised)
   在 System.Windows.UIElement.RaiseEventImpl(DependencyObject sender, RoutedEventArgs args)
   在 System.Windows.UIElement.RaiseEvent(RoutedEventArgs e)
   在 System.Windows.Controls.Primitives.ButtonBase.OnClick()
   在 System.Windows.Controls.Button.OnClick()
   在 System.Windows.Controls.Primitives.ButtonBase.OnMouseLeftButtonUp(MouseButtonEventArgs e)
   在 System.Windows.UIElement.OnMouseLeftButtonUpThunk(Object sender, MouseButtonEventArgs e)
   在 System.Windows.Input.MouseButtonEventArgs.InvokeEventHandler(Delegate genericHandler, Object genericTarget)
   在 System.Windows.RoutedEventArgs.InvokeHandler(Delegate handler, Object target)
   在 System.Windows.RoutedEventHandlerInfo.InvokeHandler(Object target, RoutedEventArgs routedEventArgs)
   在 System.Windows.EventRoute.InvokeHandlersImpl(Object source, RoutedEventArgs args, Boolean reRaised)
   在 System.Windows.UIElement.ReRaiseEventAs(DependencyObject sender, RoutedEventArgs args, RoutedEvent newEvent)
   在 System.Windows.UIElement.OnMouseUpThunk(Object sender, MouseButtonEventArgs e)
   在 System.Windows.Input.MouseButtonEventArgs.InvokeEventHandler(Delegate genericHandler, Object genericTarget)
   在 System.Windows.RoutedEventArgs.InvokeHandler(Delegate handler, Object target)
   在 System.Windows.RoutedEventHandlerInfo.InvokeHandler(Object target, RoutedEventArgs routedEventArgs)
   在 System.Windows.EventRoute.InvokeHandlersImpl(Object source, RoutedEventArgs args, Boolean reRaised)
   在 System.Windows.UIElement.RaiseEventImpl(DependencyObject sender, RoutedEventArgs args)
   在 System.Windows.UIElement.RaiseTrustedEvent(RoutedEventArgs args)
   在 System.Windows.UIElement.RaiseEvent(RoutedEventArgs args, Boolean trusted)
   在 System.Windows.Input.InputManager.ProcessStagingArea()
   在 System.Windows.Input.InputManager.ProcessInput(InputEventArgs input)
   在 System.Windows.Input.InputProviderSite.ReportInput(InputReport inputReport)
   在 System.Windows.Interop.HwndMouseInputProvider.ReportInput(IntPtr hwnd, InputMode mode, Int32 timestamp, RawMouseActions actions, Int32 x, Int32 y, Int32 wheel)
   在 System.Windows.Interop.HwndMouseInputProvider.FilterMessage(IntPtr hwnd, WindowMessage msg, IntPtr wParam, IntPtr lParam, Boolean& handled)
   在 System.Windows.Interop.HwndSource.InputFilterMessage(IntPtr hwnd, Int32 msg, IntPtr wParam, IntPtr lParam, Boolean& handled)
   在 MS.Win32.HwndWrapper.WndProc(IntPtr hwnd, Int32 msg, IntPtr wParam, IntPtr lParam, Boolean& handled)
   在 MS.Win32.HwndSubclass.DispatcherCallbackOperation(Object o)
   在 System.Windows.Threading.ExceptionWrapper.InternalRealCall(Delegate callback, Object args, Int32 numArgs)
   在 System.Windows.Threading.ExceptionWrapper.TryCatchWhen(Object source, Delegate callback, Object args, Int32 numArgs, Delegate catchHandler)
2022-01-01 22:21:37,576 [1] INFO  MsgLogger [(null)] - Wallpaper Changer Start!
2022-01-01 22:21:37,701 [1] INFO  MsgLogger [(null)] - Loading Data....
2022-01-01 22:21:41,026 [1] ERROR DebugRFLogger [(null)] - catch a exception,error info:  
System.Runtime.InteropServices.COMException (0x8000FFFF): 灾难性故障 (异常来自 HRESULT:0x8000FFFF (E_UNEXPECTED))
   在 Microsoft.WindowsAPICodePack.Dialogs.IFileDialog.SetFileTypes(UInt32 cFileTypes, FilterSpec[] rgFilterSpec)
   在 Microsoft.WindowsAPICodePack.Dialogs.CommonFileDialog.ApplyNativeSettings(IFileDialog dialog)
   在 Microsoft.WindowsAPICodePack.Dialogs.CommonFileDialog.ShowDialog()
   在 Jack__Wallpaper_Changer.MainWindow.BtnAddFolder_Click(Object sender, RoutedEventArgs e) 位置 D:\MyProject\Jacky Wallpaper Changer\Jack  Wallpaper Changer\MainWindow.xaml.cs:行号 155
   在 System.Windows.RoutedEventHandlerInfo.InvokeHandler(Object target, RoutedEventArgs routedEventArgs)
   在 System.Windows.EventRoute.InvokeHandlersImpl(Object source, RoutedEventArgs args, Boolean reRaised)
   在 System.Windows.UIElement.RaiseEventImpl(DependencyObject sender, RoutedEventArgs args)
   在 System.Windows.UIElement.RaiseEvent(RoutedEventArgs e)
   在 System.Windows.Controls.Primitives.ButtonBase.OnClick()
   在 System.Windows.Controls.Button.OnClick()
   在 System.Windows.Controls.Primitives.ButtonBase.OnMouseLeftButtonUp(MouseButtonEventArgs e)
   在 System.Windows.UIElement.OnMouseLeftButtonUpThunk(Object sender, MouseButtonEventArgs e)
   在 System.Windows.Input.MouseButtonEventArgs.InvokeEventHandler(Delegate genericHandler, Object genericTarget)
   在 System.Windows.RoutedEventArgs.InvokeHandler(Delegate handler, Object target)
   在 System.Windows.RoutedEventHandlerInfo.InvokeHandler(Object target, RoutedEventArgs routedEventArgs)
   在 System.Windows.EventRoute.InvokeHandlersImpl(Object source, RoutedEventArgs args, Boolean reRaised)
   在 System.Windows.UIElement.ReRaiseEventAs(DependencyObject sender, RoutedEventArgs args, RoutedEvent newEvent)
   在 System.Windows.UIElement.OnMouseUpThunk(Object sender, MouseButtonEventArgs e)
   在 System.Windows.Input.MouseButtonEventArgs.InvokeEventHandler(Delegate genericHandler, Object genericTarget)
   在 System.Windows.RoutedEventArgs.InvokeHandler(Delegate handler, Object target)
   在 System.Windows.RoutedEventHandlerInfo.InvokeHandler(Object target, RoutedEventArgs routedEventArgs)
   在 System.Windows.EventRoute.InvokeHandlersImpl(Object source, RoutedEventArgs args, Boolean reRaised)
   在 System.Windows.UIElement.RaiseEventImpl(DependencyObject sender, RoutedEventArgs args)
   在 System.Windows.UIElement.RaiseTrustedEvent(RoutedEventArgs args)
   在 System.Windows.UIElement.RaiseEvent(RoutedEventArgs args, Boolean trusted)
   在 System.Windows.Input.InputManager.ProcessStagingArea()
   在 System.Windows.Input.InputManager.ProcessInput(InputEventArgs input)
   在 System.Windows.Input.InputProviderSite.ReportInput(InputReport inputReport)
   在 System.Windows.Interop.HwndMouseInputProvider.ReportInput(IntPtr hwnd, InputMode mode, Int32 timestamp, RawMouseActions actions, Int32 x, Int32 y, Int32 wheel)
   在 System.Windows.Interop.HwndMouseInputProvider.FilterMessage(IntPtr hwnd, WindowMessage msg, IntPtr wParam, IntPtr lParam, Boolean& handled)
   在 System.Windows.Interop.HwndSource.InputFilterMessage(IntPtr hwnd, Int32 msg, IntPtr wParam, IntPtr lParam, Boolean& handled)
   在 MS.Win32.HwndWrapper.WndProc(IntPtr hwnd, Int32 msg, IntPtr wParam, IntPtr lParam, Boolean& handled)
   在 MS.Win32.HwndSubclass.DispatcherCallbackOperation(Object o)
   在 System.Windows.Threading.ExceptionWrapper.InternalRealCall(Delegate callback, Object args, Int32 numArgs)
   在 System.Windows.Threading.ExceptionWrapper.TryCatchWhen(Object source, Delegate callback, Object args, Int32 numArgs, Delegate catchHandler)
2022-01-01 22:25:32,001 [1] INFO  MsgLogger [(null)] - Wallpaper Changer Start!
2022-01-01 22:25:32,127 [1] INFO  MsgLogger [(null)] - Loading Data....
2022-01-01 22:43:22,896 [1] INFO  MsgLogger [(null)] - Wallpaper Changer Start!
2022-01-01 22:43:23,091 [1] INFO  MsgLogger [(null)] - Loading Data....
2022-01-01 22:43:35,110 [1] ERROR DebugRFLogger [(null)] - catch a exception,error info:  
System.Runtime.InteropServices.COMException (0x8000FFFF): 灾难性故障 (异常来自 HRESULT:0x8000FFFF (E_UNEXPECTED))
   在 Microsoft.WindowsAPICodePack.Dialogs.IFileDialog.SetFileTypes(UInt32 cFileTypes, FilterSpec[] rgFilterSpec)
   在 Microsoft.WindowsAPICodePack.Dialogs.CommonFileDialog.ApplyNativeSettings(IFileDialog dialog)
   在 Microsoft.WindowsAPICodePack.Dialogs.CommonFileDialog.ShowDialog()
   在 Jack__Wallpaper_Changer.MainWindow.BtnAddFolder_Click(Object sender, RoutedEventArgs e) 位置 D:\MyProject\Jacky Wallpaper Changer\Jack  Wallpaper Changer\MainWindow.xaml.cs:行号 156
   在 System.Windows.RoutedEventHandlerInfo.InvokeHandler(Object target, RoutedEventArgs routedEventArgs)
   在 System.Windows.EventRoute.InvokeHandlersImpl(Object source, RoutedEventArgs args, Boolean reRaised)
   在 System.Windows.UIElement.RaiseEventImpl(DependencyObject sender, RoutedEventArgs args)
   在 System.Windows.UIElement.RaiseEvent(RoutedEventArgs e)
   在 System.Windows.Controls.Primitives.ButtonBase.OnClick()
   在 System.Windows.Controls.Button.OnClick()
   在 System.Windows.Controls.Primitives.ButtonBase.OnMouseLeftButtonUp(MouseButtonEventArgs e)
   在 System.Windows.UIElement.OnMouseLeftButtonUpThunk(Object sender, MouseButtonEventArgs e)
   在 System.Windows.Input.MouseButtonEventArgs.InvokeEventHandler(Delegate genericHandler, Object genericTarget)
   在 System.Windows.RoutedEventArgs.InvokeHandler(Delegate handler, Object target)
   在 System.Windows.RoutedEventHandlerInfo.InvokeHandler(Object target, RoutedEventArgs routedEventArgs)
   在 System.Windows.EventRoute.InvokeHandlersImpl(Object source, RoutedEventArgs args, Boolean reRaised)
   在 System.Windows.UIElement.ReRaiseEventAs(DependencyObject sender, RoutedEventArgs args, RoutedEvent newEvent)
   在 System.Windows.UIElement.OnMouseUpThunk(Object sender, MouseButtonEventArgs e)
   在 System.Windows.Input.MouseButtonEventArgs.InvokeEventHandler(Delegate genericHandler, Object genericTarget)
   在 System.Windows.RoutedEventArgs.InvokeHandler(Delegate handler, Object target)
   在 System.Windows.RoutedEventHandlerInfo.InvokeHandler(Object target, RoutedEventArgs routedEventArgs)
   在 System.Windows.EventRoute.InvokeHandlersImpl(Object source, RoutedEventArgs args, Boolean reRaised)
   在 System.Windows.UIElement.RaiseEventImpl(DependencyObject sender, RoutedEventArgs args)
   在 System.Windows.UIElement.RaiseTrustedEvent(RoutedEventArgs args)
   在 System.Windows.UIElement.RaiseEvent(RoutedEventArgs args, Boolean trusted)
   在 System.Windows.Input.InputManager.ProcessStagingArea()
   在 System.Windows.Input.InputManager.ProcessInput(InputEventArgs input)
   在 System.Windows.Input.InputProviderSite.ReportInput(InputReport inputReport)
   在 System.Windows.Interop.HwndMouseInputProvider.ReportInput(IntPtr hwnd, InputMode mode, Int32 timestamp, RawMouseActions actions, Int32 x, Int32 y, Int32 wheel)
   在 System.Windows.Interop.HwndMouseInputProvider.FilterMessage(IntPtr hwnd, WindowMessage msg, IntPtr wParam, IntPtr lParam, Boolean& handled)
   在 System.Windows.Interop.HwndSource.InputFilterMessage(IntPtr hwnd, Int32 msg, IntPtr wParam, IntPtr lParam, Boolean& handled)
   在 MS.Win32.HwndWrapper.WndProc(IntPtr hwnd, Int32 msg, IntPtr wParam, IntPtr lParam, Boolean& handled)
   在 MS.Win32.HwndSubclass.DispatcherCallbackOperation(Object o)
   在 System.Windows.Threading.ExceptionWrapper.InternalRealCall(Delegate callback, Object args, Int32 numArgs)
   在 System.Windows.Threading.ExceptionWrapper.TryCatchWhen(Object source, Delegate callback, Object args, Int32 numArgs, Delegate catchHandler)
